mode: set
github.com/buzhiyun/workload-hostalias-operator/api/v1alpha1/workloadhostalias_types.go:87.13,89.2 1 0
github.com/buzhiyun/workload-hostalias-operator/api/v1alpha1/zz_generated.deepcopy.go:13.61,15.25 2 0
github.com/buzhiyun/workload-hostalias-operator/api/v1alpha1/zz_generated.deepcopy.go:15.25,19.3 3 0
github.com/buzhiyun/workload-hostalias-operator/api/v1alpha1/zz_generated.deepcopy.go:23.54,24.15 1 0
github.com/buzhiyun/workload-hostalias-operator/api/v1alpha1/zz_generated.deepcopy.go:24.15,26.3 1 0
github.com/buzhiyun/workload-hostalias-operator/api/v1alpha1/zz_generated.deepcopy.go:27.2,29.12 3 0
github.com/buzhiyun/workload-hostalias-operator/api/v1alpha1/zz_generated.deepcopy.go:33.67,39.2 5 0
github.com/buzhiyun/workload-hostalias-operator/api/v1alpha1/zz_generated.deepcopy.go:42.60,43.15 1 0
github.com/buzhiyun/workload-hostalias-operator/api/v1alpha1/zz_generated.deepcopy.go:43.15,45.3 1 0
github.com/buzhiyun/workload-hostalias-operator/api/v1alpha1/zz_generated.deepcopy.go:46.2,48.12 3 0
github.com/buzhiyun/workload-hostalias-operator/api/v1alpha1/zz_generated.deepcopy.go:52.62,53.34 1 0
github.com/buzhiyun/workload-hostalias-operator/api/v1alpha1/zz_generated.deepcopy.go:53.34,55.3 1 0
github.com/buzhiyun/workload-hostalias-operator/api/v1alpha1/zz_generated.deepcopy.go:56.2,56.12 1 0
github.com/buzhiyun/workload-hostalias-operator/api/v1alpha1/zz_generated.deepcopy.go:60.75,64.21 4 0
github.com/buzhiyun/workload-hostalias-operator/api/v1alpha1/zz_generated.deepcopy.go:64.21,67.22 3 0
github.com/buzhiyun/workload-hostalias-operator/api/v1alpha1/zz_generated.deepcopy.go:67.22,69.4 1 0
github.com/buzhiyun/workload-hostalias-operator/api/v1alpha1/zz_generated.deepcopy.go:74.68,75.15 1 0
github.com/buzhiyun/workload-hostalias-operator/api/v1alpha1/zz_generated.deepcopy.go:75.15,77.3 1 0
github.com/buzhiyun/workload-hostalias-operator/api/v1alpha1/zz_generated.deepcopy.go:78.2,80.12 3 0
github.com/buzhiyun/workload-hostalias-operator/api/v1alpha1/zz_generated.deepcopy.go:84.66,85.34 1 0
github.com/buzhiyun/workload-hostalias-operator/api/v1alpha1/zz_generated.deepcopy.go:85.34,87.3 1 0
github.com/buzhiyun/workload-hostalias-operator/api/v1alpha1/zz_generated.deepcopy.go:88.2,88.12 1 0
github.com/buzhiyun/workload-hostalias-operator/api/v1alpha1/zz_generated.deepcopy.go:92.75,95.27 3 0
github.com/buzhiyun/workload-hostalias-operator/api/v1alpha1/zz_generated.deepcopy.go:95.27,98.22 3 0
github.com/buzhiyun/workload-hostalias-operator/api/v1alpha1/zz_generated.deepcopy.go:98.22,100.4 1 0
github.com/buzhiyun/workload-hostalias-operator/api/v1alpha1/zz_generated.deepcopy.go:105.68,106.15 1 0
github.com/buzhiyun/workload-hostalias-operator/api/v1alpha1/zz_generated.deepcopy.go:106.15,108.3 1 0
github.com/buzhiyun/workload-hostalias-operator/api/v1alpha1/zz_generated.deepcopy.go:109.2,111.12 3 0
github.com/buzhiyun/workload-hostalias-operator/api/v1alpha1/zz_generated.deepcopy.go:115.79,117.26 2 0
github.com/buzhiyun/workload-hostalias-operator/api/v1alpha1/zz_generated.deepcopy.go:117.26,120.22 3 0
github.com/buzhiyun/workload-hostalias-operator/api/v1alpha1/zz_generated.deepcopy.go:120.22,122.4 1 0
github.com/buzhiyun/workload-hostalias-operator/api/v1alpha1/zz_generated.deepcopy.go:124.2,124.28 1 0
github.com/buzhiyun/workload-hostalias-operator/api/v1alpha1/zz_generated.deepcopy.go:124.28,127.3 2 0
github.com/buzhiyun/workload-hostalias-operator/api/v1alpha1/zz_generated.deepcopy.go:131.72,132.15 1 0
github.com/buzhiyun/workload-hostalias-operator/api/v1alpha1/zz_generated.deepcopy.go:132.15,134.3 1 0
github.com/buzhiyun/workload-hostalias-operator/api/v1alpha1/zz_generated.deepcopy.go:135.2,137.12 3 0
github.com/buzhiyun/workload-hostalias-operator/api/v1alpha1/zz_generated.deepcopy.go:141.61,143.2 1 0
github.com/buzhiyun/workload-hostalias-operator/api/v1alpha1/zz_generated.deepcopy.go:146.54,147.15 1 0
github.com/buzhiyun/workload-hostalias-operator/api/v1alpha1/zz_generated.deepcopy.go:147.15,149.3 1 0
github.com/buzhiyun/workload-hostalias-operator/api/v1alpha1/zz_generated.deepcopy.go:150.2,152.12 3 0
github.com/buzhiyun/workload-hostalias-operator/cmd/main.go:25.13,28.2 2 0
github.com/buzhiyun/workload-hostalias-operator/cmd/main.go:30.13,54.16 12 0
github.com/buzhiyun/workload-hostalias-operator/cmd/main.go:54.16,57.3 2 0
github.com/buzhiyun/workload-hostalias-operator/cmd/main.go:59.2,63.39 1 0
github.com/buzhiyun/workload-hostalias-operator/cmd/main.go:63.39,66.3 2 0
github.com/buzhiyun/workload-hostalias-operator/cmd/main.go:68.2,68.69 1 0
github.com/buzhiyun/workload-hostalias-operator/cmd/main.go:68.69,71.3 2 0
github.com/buzhiyun/workload-hostalias-operator/cmd/main.go:72.2,72.67 1 0
github.com/buzhiyun/workload-hostalias-operator/cmd/main.go:72.67,75.3 2 0
github.com/buzhiyun/workload-hostalias-operator/cmd/main.go:77.2,78.61 2 0
github.com/buzhiyun/workload-hostalias-operator/cmd/main.go:78.61,81.3 2 0
github.com/buzhiyun/workload-hostalias-operator/internal/controller/merge.go:13.92,15.33 2 1
github.com/buzhiyun/workload-hostalias-operator/internal/controller/merge.go:15.33,17.3 1 1
github.com/buzhiyun/workload-hostalias-operator/internal/controller/merge.go:20.2,21.29 2 1
github.com/buzhiyun/workload-hostalias-operator/internal/controller/merge.go:21.29,22.89 1 1
github.com/buzhiyun/workload-hostalias-operator/internal/controller/merge.go:22.89,23.12 1 1
github.com/buzhiyun/workload-hostalias-operator/internal/controller/merge.go:25.3,25.34 1 1
github.com/buzhiyun/workload-hostalias-operator/internal/controller/merge.go:29.2,30.29 2 1
github.com/buzhiyun/workload-hostalias-operator/internal/controller/merge.go:30.29,32.3 1 1
github.com/buzhiyun/workload-hostalias-operator/internal/controller/merge.go:34.2,37.29 3 1
github.com/buzhiyun/workload-hostalias-operator/internal/controller/merge.go:37.29,40.3 2 1
github.com/buzhiyun/workload-hostalias-operator/internal/controller/merge.go:42.2,42.30 1 1
github.com/buzhiyun/workload-hostalias-operator/internal/controller/merge.go:42.30,43.22 1 1
github.com/buzhiyun/workload-hostalias-operator/internal/controller/merge.go:43.22,46.4 2 1
github.com/buzhiyun/workload-hostalias-operator/internal/controller/merge.go:49.2,49.41 1 1
github.com/buzhiyun/workload-hostalias-operator/internal/controller/merge.go:49.41,51.3 1 1
github.com/buzhiyun/workload-hostalias-operator/internal/controller/merge.go:53.2,53.15 1 1
github.com/buzhiyun/workload-hostalias-operator/internal/controller/merge.go:58.91,60.33 2 1
github.com/buzhiyun/workload-hostalias-operator/internal/controller/merge.go:60.33,62.3 1 1
github.com/buzhiyun/workload-hostalias-operator/internal/controller/merge.go:64.2,65.29 2 1
github.com/buzhiyun/workload-hostalias-operator/internal/controller/merge.go:65.29,66.89 1 1
github.com/buzhiyun/workload-hostalias-operator/internal/controller/merge.go:66.89,67.12 1 1
github.com/buzhiyun/workload-hostalias-operator/internal/controller/merge.go:69.3,69.30 1 1
github.com/buzhiyun/workload-hostalias-operator/internal/controller/merge.go:72.2,72.15 1 1
github.com/buzhiyun/workload-hostalias-operator/internal/controller/merge.go:76.51,77.18 1 1
github.com/buzhiyun/workload-hostalias-operator/internal/controller/merge.go:77.18,79.3 1 0
github.com/buzhiyun/workload-hostalias-operator/internal/controller/merge.go:80.2,80.42 1 1
github.com/buzhiyun/workload-hostalias-operator/internal/controller/merge.go:80.42,82.3 1 0
github.com/buzhiyun/workload-hostalias-operator/internal/controller/merge.go:83.2,84.32 2 1
github.com/buzhiyun/workload-hostalias-operator/internal/controller/merge.go:84.32,86.3 1 1
github.com/buzhiyun/workload-hostalias-operator/internal/controller/merge.go:87.2,87.32 1 1
github.com/buzhiyun/workload-hostalias-operator/internal/controller/merge.go:87.32,88.28 1 1
github.com/buzhiyun/workload-hostalias-operator/internal/controller/merge.go:88.28,90.4 1 1
github.com/buzhiyun/workload-hostalias-operator/internal/controller/merge.go:92.2,92.13 1 1
github.com/buzhiyun/workload-hostalias-operator/internal/controller/metrics.go:40.13,46.2 1 1
github.com/buzhiyun/workload-hostalias-operator/internal/controller/workloadhostalias_controller.go:51.109,55.15 3 0
github.com/buzhiyun/workload-hostalias-operator/internal/controller/workloadhostalias_controller.go:55.15,57.3 1 0
github.com/buzhiyun/workload-hostalias-operator/internal/controller/workloadhostalias_controller.go:60.2,61.69 2 0
github.com/buzhiyun/workload-hostalias-operator/internal/controller/workloadhostalias_controller.go:61.69,62.29 1 0
github.com/buzhiyun/workload-hostalias-operator/internal/controller/workloadhostalias_controller.go:62.29,65.4 2 0
github.com/buzhiyun/workload-hostalias-operator/internal/controller/workloadhostalias_controller.go:66.3,67.28 2 0
github.com/buzhiyun/workload-hostalias-operator/internal/controller/workloadhostalias_controller.go:71.2,71.45 1 0
github.com/buzhiyun/workload-hostalias-operator/internal/controller/workloadhostalias_controller.go:71.45,73.3 1 0
github.com/buzhiyun/workload-hostalias-operator/internal/controller/workloadhostalias_controller.go:75.2,75.53 1 0
github.com/buzhiyun/workload-hostalias-operator/internal/controller/workloadhostalias_controller.go:75.53,76.59 1 0
github.com/buzhiyun/workload-hostalias-operator/internal/controller/workloadhostalias_controller.go:76.59,79.4 2 0
github.com/buzhiyun/workload-hostalias-operator/internal/controller/workloadhostalias_controller.go:80.3,80.41 1 0
github.com/buzhiyun/workload-hostalias-operator/internal/controller/workloadhostalias_controller.go:84.2,85.16 2 0
github.com/buzhiyun/workload-hostalias-operator/internal/controller/workloadhostalias_controller.go:85.16,86.29 1 0
github.com/buzhiyun/workload-hostalias-operator/internal/controller/workloadhostalias_controller.go:86.29,100.4 5 0
github.com/buzhiyun/workload-hostalias-operator/internal/controller/workloadhostalias_controller.go:101.3,102.28 2 0
github.com/buzhiyun/workload-hostalias-operator/internal/controller/workloadhostalias_controller.go:106.2,108.49 3 0
github.com/buzhiyun/workload-hostalias-operator/internal/controller/workloadhostalias_controller.go:108.49,117.3 5 0
github.com/buzhiyun/workload-hostalias-operator/internal/controller/workloadhostalias_controller.go:120.2,124.16 3 0
github.com/buzhiyun/workload-hostalias-operator/internal/controller/workloadhostalias_controller.go:124.16,127.3 2 0
github.com/buzhiyun/workload-hostalias-operator/internal/controller/workloadhostalias_controller.go:129.2,138.24 6 0
github.com/buzhiyun/workload-hostalias-operator/internal/controller/workloadhostalias_controller.go:138.24,140.3 1 0
github.com/buzhiyun/workload-hostalias-operator/internal/controller/workloadhostalias_controller.go:142.2,143.56 2 0
github.com/buzhiyun/workload-hostalias-operator/internal/controller/workloadhostalias_controller.go:143.56,145.3 1 0
github.com/buzhiyun/workload-hostalias-operator/internal/controller/workloadhostalias_controller.go:146.2,146.49 1 0
github.com/buzhiyun/workload-hostalias-operator/internal/controller/workloadhostalias_controller.go:146.49,148.3 1 0
github.com/buzhiyun/workload-hostalias-operator/internal/controller/workloadhostalias_controller.go:149.2,149.70 1 0
github.com/buzhiyun/workload-hostalias-operator/internal/controller/workloadhostalias_controller.go:149.70,151.3 1 0
github.com/buzhiyun/workload-hostalias-operator/internal/controller/workloadhostalias_controller.go:152.2,152.54 1 0
github.com/buzhiyun/workload-hostalias-operator/internal/controller/workloadhostalias_controller.go:152.54,154.3 1 0
github.com/buzhiyun/workload-hostalias-operator/internal/controller/workloadhostalias_controller.go:156.2,156.17 1 0
github.com/buzhiyun/workload-hostalias-operator/internal/controller/workloadhostalias_controller.go:156.17,164.49 6 0
github.com/buzhiyun/workload-hostalias-operator/internal/controller/workloadhostalias_controller.go:164.49,165.30 1 0
github.com/buzhiyun/workload-hostalias-operator/internal/controller/workloadhostalias_controller.go:165.30,169.5 3 0
github.com/buzhiyun/workload-hostalias-operator/internal/controller/workloadhostalias_controller.go:170.4,174.29 4 0
github.com/buzhiyun/workload-hostalias-operator/internal/controller/workloadhostalias_controller.go:177.3,185.111 2 0
github.com/buzhiyun/workload-hostalias-operator/internal/controller/workloadhostalias_controller.go:189.2,194.27 3 0
github.com/buzhiyun/workload-hostalias-operator/internal/controller/workloadhostalias_controller.go:197.146,200.52 2 0
github.com/buzhiyun/workload-hostalias-operator/internal/controller/workloadhostalias_controller.go:200.52,202.3 1 0
github.com/buzhiyun/workload-hostalias-operator/internal/controller/workloadhostalias_controller.go:205.2,206.16 2 0
github.com/buzhiyun/workload-hostalias-operator/internal/controller/workloadhostalias_controller.go:206.16,209.18 2 0
github.com/buzhiyun/workload-hostalias-operator/internal/controller/workloadhostalias_controller.go:209.18,220.50 9 0
github.com/buzhiyun/workload-hostalias-operator/internal/controller/workloadhostalias_controller.go:220.50,221.31 1 0
github.com/buzhiyun/workload-hostalias-operator/internal/controller/workloadhostalias_controller.go:221.31,224.6 2 0
github.com/buzhiyun/workload-hostalias-operator/internal/controller/workloadhostalias_controller.go:225.5,226.30 2 0
github.com/buzhiyun/workload-hostalias-operator/internal/controller/workloadhostalias_controller.go:228.4,232.5 1 0
github.com/buzhiyun/workload-hostalias-operator/internal/controller/workloadhostalias_controller.go:234.8,234.36 1 0
github.com/buzhiyun/workload-hostalias-operator/internal/controller/workloadhostalias_controller.go:234.36,236.3 1 0
github.com/buzhiyun/workload-hostalias-operator/internal/controller/workloadhostalias_controller.go:239.2,239.60 1 0
github.com/buzhiyun/workload-hostalias-operator/internal/controller/workloadhostalias_controller.go:239.60,241.3 1 0
github.com/buzhiyun/workload-hostalias-operator/internal/controller/workloadhostalias_controller.go:243.2,244.27 2 0
github.com/buzhiyun/workload-hostalias-operator/internal/controller/workloadhostalias_controller.go:247.147,253.38 2 0
github.com/buzhiyun/workload-hostalias-operator/internal/controller/workloadhostalias_controller.go:254.20,256.50 2 0
github.com/buzhiyun/workload-hostalias-operator/internal/controller/workloadhostalias_controller.go:256.50,258.4 1 0
github.com/buzhiyun/workload-hostalias-operator/internal/controller/workloadhostalias_controller.go:259.3,259.22 1 0
github.com/buzhiyun/workload-hostalias-operator/internal/controller/workloadhostalias_controller.go:260.19,262.46 2 0
github.com/buzhiyun/workload-hostalias-operator/internal/controller/workloadhostalias_controller.go:262.46,264.4 1 0
github.com/buzhiyun/workload-hostalias-operator/internal/controller/workloadhostalias_controller.go:265.3,265.18 1 0
github.com/buzhiyun/workload-hostalias-operator/internal/controller/workloadhostalias_controller.go:266.21,268.47 2 0
github.com/buzhiyun/workload-hostalias-operator/internal/controller/workloadhostalias_controller.go:268.47,270.4 1 0
github.com/buzhiyun/workload-hostalias-operator/internal/controller/workloadhostalias_controller.go:271.3,271.19 1 0
github.com/buzhiyun/workload-hostalias-operator/internal/controller/workloadhostalias_controller.go:272.10,273.88 1 0
github.com/buzhiyun/workload-hostalias-operator/internal/controller/workloadhostalias_controller.go:277.184,290.60 6 0
github.com/buzhiyun/workload-hostalias-operator/internal/controller/workloadhostalias_controller.go:290.60,293.3 2 0
github.com/buzhiyun/workload-hostalias-operator/internal/controller/workloadhostalias_controller.go:294.2,294.12 1 0
github.com/buzhiyun/workload-hostalias-operator/internal/controller/workloadhostalias_controller.go:297.129,301.2 3 0
github.com/buzhiyun/workload-hostalias-operator/internal/controller/workloadhostalias_controller.go:303.132,306.2 2 0
github.com/buzhiyun/workload-hostalias-operator/internal/controller/workloadhostalias_controller.go:309.132,311.24 2 0
github.com/buzhiyun/workload-hostalias-operator/internal/controller/workloadhostalias_controller.go:311.24,313.3 1 0
github.com/buzhiyun/workload-hostalias-operator/internal/controller/workloadhostalias_controller.go:315.2,315.49 1 0
github.com/buzhiyun/workload-hostalias-operator/internal/controller/workloadhostalias_controller.go:315.49,317.3 1 0
github.com/buzhiyun/workload-hostalias-operator/internal/controller/workloadhostalias_controller.go:319.2,320.20 2 0
github.com/buzhiyun/workload-hostalias-operator/internal/controller/workloadhostalias_controller.go:320.20,322.3 1 0
github.com/buzhiyun/workload-hostalias-operator/internal/controller/workloadhostalias_controller.go:324.2,325.21 2 0
github.com/buzhiyun/workload-hostalias-operator/internal/controller/workloadhostalias_controller.go:325.21,327.3 1 0
github.com/buzhiyun/workload-hostalias-operator/internal/controller/workloadhostalias_controller.go:329.2,336.3 1 0
github.com/buzhiyun/workload-hostalias-operator/internal/controller/workloadhostalias_controller.go:340.80,356.2 1 0
github.com/buzhiyun/workload-hostalias-operator/internal/controller/workloadhostalias_controller.go:360.77,361.25 1 0
github.com/buzhiyun/workload-hostalias-operator/internal/controller/workloadhostalias_controller.go:362.26,363.31 1 0
github.com/buzhiyun/workload-hostalias-operator/internal/controller/workloadhostalias_controller.go:364.25,365.31 1 0
github.com/buzhiyun/workload-hostalias-operator/internal/controller/workloadhostalias_controller.go:366.27,367.31 1 0
github.com/buzhiyun/workload-hostalias-operator/internal/controller/workloadhostalias_controller.go:368.10,369.63 1 0
github.com/buzhiyun/workload-hostalias-operator/internal/controller/workloadhostalias_controller.go:373.58,375.24 2 0
github.com/buzhiyun/workload-hostalias-operator/internal/controller/workloadhostalias_controller.go:375.24,377.3 1 0
github.com/buzhiyun/workload-hostalias-operator/internal/controller/workloadhostalias_controller.go:378.2,378.25 1 0
github.com/buzhiyun/workload-hostalias-operator/internal/controller/workloadhostalias_controller.go:381.71,383.15 2 0
github.com/buzhiyun/workload-hostalias-operator/internal/controller/workloadhostalias_controller.go:383.15,385.3 1 0
github.com/buzhiyun/workload-hostalias-operator/internal/controller/workloadhostalias_controller.go:386.2,387.61 2 0
github.com/buzhiyun/workload-hostalias-operator/internal/controller/workloadhostalias_controller.go:387.61,389.3 1 0
github.com/buzhiyun/workload-hostalias-operator/internal/controller/workloadhostalias_controller.go:390.2,390.15 1 0
github.com/buzhiyun/workload-hostalias-operator/internal/controller/workloadhostalias_controller.go:393.89,395.28 2 0
github.com/buzhiyun/workload-hostalias-operator/internal/controller/workloadhostalias_controller.go:395.28,400.3 1 0
github.com/buzhiyun/workload-hostalias-operator/internal/controller/workloadhostalias_controller.go:401.2,401.15 1 0
github.com/buzhiyun/workload-hostalias-operator/internal/controller/workloadhostalias_controller.go:404.89,405.35 1 0
github.com/buzhiyun/workload-hostalias-operator/internal/controller/workloadhostalias_controller.go:405.35,406.21 1 0
github.com/buzhiyun/workload-hostalias-operator/internal/controller/workloadhostalias_controller.go:406.21,408.4 1 0
github.com/buzhiyun/workload-hostalias-operator/internal/controller/workloadhostalias_controller.go:410.2,410.14 1 0
github.com/buzhiyun/workload-hostalias-operator/internal/controller/workloadhostalias_controller.go:413.54,415.29 2 0
github.com/buzhiyun/workload-hostalias-operator/internal/controller/workloadhostalias_controller.go:415.29,416.16 1 0
github.com/buzhiyun/workload-hostalias-operator/internal/controller/workloadhostalias_controller.go:416.16,418.4 1 0
github.com/buzhiyun/workload-hostalias-operator/internal/controller/workloadhostalias_controller.go:420.2,420.15 1 0
github.com/buzhiyun/workload-hostalias-operator/internal/controller/workloadhostalias_controller.go:423.58,424.22 1 0
github.com/buzhiyun/workload-hostalias-operator/internal/controller/workloadhostalias_controller.go:424.22,426.3 1 0
github.com/buzhiyun/workload-hostalias-operator/internal/controller/workloadhostalias_controller.go:427.2,427.19 1 0
github.com/buzhiyun/workload-hostalias-operator/internal/controller/workloadhostalias_controller.go:427.19,428.36 1 0
github.com/buzhiyun/workload-hostalias-operator/internal/controller/workloadhostalias_controller.go:428.36,430.4 1 0
github.com/buzhiyun/workload-hostalias-operator/internal/controller/workloadhostalias_controller.go:432.2,432.13 1 0
